Drill report for pico-joystick.kicad_pcb
Created on Tue 02 May 2023 22:09:27 BST

Copper Layer Stackup:
    =============================================================
    L1 :  F.Cu                      front
    L2 :  B.Cu                      back


Drill file 'pico-joystick-PTH.drl' contains
    plated through holes:
    =============================================================
    T1  0.400mm  0.0157"  (14 holes)
    T2  0.800mm  0.0315"  (47 holes)
    T3  0.950mm  0.0374"  (4 holes)
    T4  1.000mm  0.0394"  (21 holes)
    T5  1.200mm  0.0472"  (8 holes)
    T6  3.200mm  0.1260"  (6 holes)

    Total plated holes count 100


Drill file 'pico-joystick-NPTH.drl' contains
    unplated through holes:
    =============================================================
    T1  2.100mm  0.0827"  (4 holes)

    Total unplated holes count 4
